<?xml version="1.0" encoding="UTF-8"?>
<!-- Generated by org.testng.reporters.JUnitXMLReporter -->
<testsuite ignored="0" hostname="Shivanis-MacBook-Air.local" failures="0" tests="2" name="Error validation test" time="26.134" errors="0" timestamp="2024-08-13T13:47:39 PDT">
  <testcase classname="Rahulshettyacadamytest.testcomponents.ErrorValidationtest" name="Loginerrorvalidation" time="1.051"/>
  <testcase classname="Rahulshettyacadamytest.testcomponents.ErrorValidationtest" name="producterrorvalidation" time="13.031"/>
</testsuite> <!-- Error validation test -->
