<?xml version="1.0" encoding="UTF-8"?>
<!-- Generated by org.testng.reporters.JUnitXMLReporter -->
<testsuite ignored="0" hostname="Shivanis-MacBook-Air.local" failures="0" tests="3" name="Submit order test" time="51.669" errors="0" timestamp="2024-08-13T13:48:05 PDT">
  <testcase classname="Rahulshettyacadamytest.testcomponents.Submitordertest" name="submitorder1" time="19.567"/>
  <testcase classname="Rahulshettyacadamytest.testcomponents.Submitordertest" name="submitorder1" time="13.442"/>
  <testcase classname="Rahulshettyacadamytest.testcomponents.Submitordertest" name="OrderHistoryPage" time="0.989"/>
</testsuite> <!-- Submit order test -->
