<?xml version="1.0" encoding="UTF-8"?>
<testng-results ignored="0" total="2" passed="2" failed="0" skipped="0">
  <reporter-output>
  </reporter-output>
  <suite started-at="2024-08-19T13:56:58 PDT" name="Default suite" finished-at="2024-08-19T13:57:27 PDT" duration-ms="28611">
    <groups>
      <group name="cucumber">
        <method signature="AbstractTestNGCucumberTests.runScenario(io.cucumber.testng.PickleWrapper,io.cucumber.testng.FeatureWrapper)[pri:0, instance:RunnerandfeaturefileUdemypractice.TestNGRunner@4fb61f4a]" name="runScenario" class="io.cucumber.testng.AbstractTestNGCucumberTests"/>
      </group> <!-- cucumber -->
    </groups>
    <test started-at="2024-08-19T13:56:58 PDT" name="Default test" finished-at="2024-08-19T13:57:27 PDT" duration-ms="28611">
      <class name="RunnerandfeaturefileUdemypractice.TestNGRunner">
        <test-method is-config="true" signature="setUpClass(org.testng.ITestContext)[pri:0, instance:RunnerandfeaturefileUdemypractice.TestNGRunner@4fb61f4a]" started-at="2024-08-19T13:56:58 PDT" name="setUpClass" finished-at="2024-08-19T13:56:59 PDT" duration-ms="237" status="PASS">
          <params>
            <param index="0">
              <value>
                <![CDATA[org.testng.TestRunner@16a5eb6d]]>
              </value>
            </param>
          </params>
          <reporter-output>
          </reporter-output>
        </test-method> <!-- setUpClass -->
        <test-method signature="runScenario(io.cucumber.testng.PickleWrapper,io.cucumber.testng.FeatureWrapper)[pri:0, instance:RunnerandfeaturefileUdemypractice.TestNGRunner@4fb61f4a]" started-at="2024-08-19T13:56:59 PDT" name="runScenario" description="Runs Cucumber Scenarios" data-provider="scenarios" finished-at="2024-08-19T13:57:07 PDT" duration-ms="8901" status="PASS">
          <params>
            <param index="0">
              <value>
                <![CDATA["Title of your scenario outline"]]>
              </value>
            </param>
            <param index="1">
              <value>
                <![CDATA["Error validation"]]>
              </value>
            </param>
          </params>
          <reporter-output>
          </reporter-output>
        </test-method> <!-- runScenario -->
        <test-method signature="runScenario(io.cucumber.testng.PickleWrapper,io.cucumber.testng.FeatureWrapper)[pri:0, instance:RunnerandfeaturefileUdemypractice.TestNGRunner@4fb61f4a]" started-at="2024-08-19T13:57:07 PDT" name="runScenario" description="Runs Cucumber Scenarios" data-provider="scenarios" finished-at="2024-08-19T13:57:27 PDT" duration-ms="19443" status="PASS">
          <params>
            <param index="0">
              <value>
                <![CDATA["Positive test of  submiiting the order"]]>
              </value>
            </param>
            <param index="1">
              <value>
                <![CDATA["Unknown"]]>
              </value>
            </param>
          </params>
          <reporter-output>
          </reporter-output>
        </test-method> <!-- runScenario -->
        <test-method is-config="true" signature="tearDownClass()[pri:0, instance:RunnerandfeaturefileUdemypractice.TestNGRunner@4fb61f4a]" started-at="2024-08-19T13:57:27 PDT" name="tearDownClass" finished-at="2024-08-19T13:57:27 PDT" duration-ms="12" status="PASS">
          <reporter-output>
          </reporter-output>
        </test-method> <!-- tearDownClass -->
      </class> <!-- RunnerandfeaturefileUdemypractice.TestNGRunner -->
    </test> <!-- Default test -->
  </suite> <!-- Default suite -->
</testng-results>
